2024-12-24 13:30:31.022 +08:00 [ERR] Error log
2024-12-24 13:30:31.022 +08:00 [FTL] Fatal log
2024-12-24 13:30:31.508 +08:00 [ERR] {CentralConfigurationFetcher} Exception was thrown while fetching configuration from APM Server and parsing it. ETag: `<null>'. URL: `http://127.0.0.1:8200/config/v1/agents?service.name=ELK-Practice&service.environment=Development'. Apm Server base URL: `http://127.0.0.1:8200/'. WaitInterval: 5m. dbgIterationsCount: 1.
+-> Request:
    Method: GET, RequestUri: 'http://127.0.0.1:8200/config/v1/agents?service.name=ELK-Practice&service.environment=Development', Version: 1.1, Content: <null>, Headers:
    {
      User-Agent: apm-agent-dotnet/1.31.0+aa8e3ba9f7967edc621df38010dad1e7fbdad181
      User-Agent: (ELK-Practice 1.0.0+44bcc7d34f5a899a18f9b26ce78a3711a511d8ad)
      User-Agent: System.Net.Http/8.0.1124.51707
      User-Agent: .NET_8/8.0.11
      traceparent: 00-d1fcf6c286ecbcdcd3800742e5be2425-dcd2fa4d90eba648-00
    }
+-> Response:
    StatusCode: 503, ReasonPhrase: 'Service Unavailable', Version: 1.1, Content: System.Net.Http.HttpConnectionResponseContent, Headers:
    {
      Cache-Control: must-revalidate, max-age=300
      X-Content-Type-Options: nosniff
      Date: Tue, 24 Dec 2024 05:30:31 GMT
      Content-Type: text/plain; charset=utf-8
      Content-Length: 81
    }
+-> Response body [length: 81]:
    {"error":"Agent configuration infrastructure is not ready. Please retry later."}

Elastic.Apm.BackendComm.CentralConfig.CentralConfigurationFetcher+FailedToFetchConfigException: HTTP status code is Service Unavailable (503) which most likely means that APM Server supports the central configuration endpoint and Kibana connection is enabled, but Kibana connection is unavailable
   at Elastic.Apm.BackendComm.CentralConfig.CentralConfigurationResponseParser.InterpretResponseStatusCode(HttpResponseMessage httpResponse, WaitInfoS waitInfo)
   at Elastic.Apm.BackendComm.CentralConfig.CentralConfigurationResponseParser.ParseHttpResponse(HttpResponseMessage httpResponse, String httpResponseBody)
   at Elastic.Apm.BackendComm.CentralConfig.CentralConfigurationFetcher.WorkLoopIteration()
2024-12-24 13:30:41.021 +08:00 [ERR] Error log
2024-12-24 13:30:41.021 +08:00 [FTL] Fatal log
2024-12-24 13:32:00.640 +08:00 [ERR] Error log
2024-12-24 13:32:00.640 +08:00 [FTL] Fatal log
2024-12-24 13:32:01.092 +08:00 [ERR] {CentralConfigurationFetcher} Exception was thrown while fetching configuration from APM Server and parsing it. ETag: `<null>'. URL: `http://127.0.0.1:8200/config/v1/agents?service.name=ELK-Practice&service.environment=Development'. Apm Server base URL: `http://127.0.0.1:8200/'. WaitInterval: 5m. dbgIterationsCount: 1.
+-> Request:
    Method: GET, RequestUri: 'http://127.0.0.1:8200/config/v1/agents?service.name=ELK-Practice&service.environment=Development', Version: 1.1, Content: <null>, Headers:
    {
      User-Agent: apm-agent-dotnet/1.31.0+aa8e3ba9f7967edc621df38010dad1e7fbdad181
      User-Agent: (ELK-Practice 1.0.0+44bcc7d34f5a899a18f9b26ce78a3711a511d8ad)
      User-Agent: System.Net.Http/8.0.1124.51707
      User-Agent: .NET_8/8.0.11
      traceparent: 00-3a8e2ca1314db390283159ca507a0abf-b5afcbb6a90c671b-00
    }
+-> Response:
    StatusCode: 503, ReasonPhrase: 'Service Unavailable', Version: 1.1, Content: System.Net.Http.HttpConnectionResponseContent, Headers:
    {
      Cache-Control: must-revalidate, max-age=300
      X-Content-Type-Options: nosniff
      Date: Tue, 24 Dec 2024 05:32:01 GMT
      Content-Type: text/plain; charset=utf-8
      Content-Length: 81
    }
+-> Response body [length: 81]:
    {"error":"Agent configuration infrastructure is not ready. Please retry later."}

Elastic.Apm.BackendComm.CentralConfig.CentralConfigurationFetcher+FailedToFetchConfigException: HTTP status code is Service Unavailable (503) which most likely means that APM Server supports the central configuration endpoint and Kibana connection is enabled, but Kibana connection is unavailable
   at Elastic.Apm.BackendComm.CentralConfig.CentralConfigurationResponseParser.InterpretResponseStatusCode(HttpResponseMessage httpResponse, WaitInfoS waitInfo)
   at Elastic.Apm.BackendComm.CentralConfig.CentralConfigurationResponseParser.ParseHttpResponse(HttpResponseMessage httpResponse, String httpResponseBody)
   at Elastic.Apm.BackendComm.CentralConfig.CentralConfigurationFetcher.WorkLoopIteration()
2024-12-24 13:32:10.637 +08:00 [ERR] Error log
2024-12-24 13:32:10.637 +08:00 [FTL] Fatal log
2024-12-24 13:32:20.628 +08:00 [ERR] Error log
2024-12-24 13:32:20.628 +08:00 [FTL] Fatal log
2024-12-24 13:32:30.632 +08:00 [ERR] Error log
2024-12-24 13:32:30.632 +08:00 [FTL] Fatal log
2024-12-24 13:32:40.627 +08:00 [ERR] Error log
2024-12-24 13:32:40.627 +08:00 [FTL] Fatal log
2024-12-24 13:32:50.636 +08:00 [ERR] Error log
2024-12-24 13:32:50.636 +08:00 [FTL] Fatal log
2024-12-24 13:33:00.627 +08:00 [ERR] Error log
2024-12-24 13:33:00.627 +08:00 [FTL] Fatal log
2024-12-24 13:33:10.627 +08:00 [ERR] Error log
2024-12-24 13:33:10.627 +08:00 [FTL] Fatal log
2024-12-24 13:33:20.627 +08:00 [ERR] Error log
2024-12-24 13:33:20.627 +08:00 [FTL] Fatal log
2024-12-24 13:33:30.627 +08:00 [ERR] Error log
2024-12-24 13:33:30.627 +08:00 [FTL] Fatal log
2024-12-24 13:33:40.635 +08:00 [ERR] Error log
2024-12-24 13:33:40.635 +08:00 [FTL] Fatal log
2024-12-24 13:33:50.633 +08:00 [ERR] Error log
2024-12-24 13:33:50.633 +08:00 [FTL] Fatal log
2024-12-24 13:34:00.636 +08:00 [ERR] Error log
2024-12-24 13:34:00.636 +08:00 [FTL] Fatal log
2024-12-24 13:34:10.637 +08:00 [ERR] Error log
2024-12-24 13:34:10.637 +08:00 [FTL] Fatal log
2024-12-24 13:34:20.631 +08:00 [ERR] Error log
2024-12-24 13:34:20.631 +08:00 [FTL] Fatal log
2024-12-24 13:34:30.639 +08:00 [ERR] Error log
2024-12-24 13:34:30.639 +08:00 [FTL] Fatal log
2024-12-24 13:34:40.634 +08:00 [ERR] Error log
2024-12-24 13:34:40.634 +08:00 [FTL] Fatal log
2024-12-24 13:34:50.640 +08:00 [ERR] Error log
2024-12-24 13:34:50.640 +08:00 [FTL] Fatal log
2024-12-24 13:35:00.627 +08:00 [ERR] Error log
2024-12-24 13:35:00.627 +08:00 [FTL] Fatal log
2024-12-24 13:35:10.627 +08:00 [ERR] Error log
2024-12-24 13:35:10.627 +08:00 [FTL] Fatal log
2024-12-24 13:35:20.629 +08:00 [ERR] Error log
2024-12-24 13:35:20.629 +08:00 [FTL] Fatal log
2024-12-24 13:35:30.638 +08:00 [ERR] Error log
2024-12-24 13:35:30.638 +08:00 [FTL] Fatal log
2024-12-24 13:35:41.334 +08:00 [ERR] Error log
2024-12-24 13:35:41.334 +08:00 [FTL] Fatal log
2024-12-24 13:35:50.636 +08:00 [ERR] Error log
2024-12-24 13:35:50.636 +08:00 [FTL] Fatal log
2024-12-24 13:36:00.630 +08:00 [ERR] Error log
2024-12-24 13:36:00.630 +08:00 [FTL] Fatal log
2024-12-24 13:36:10.626 +08:00 [ERR] Error log
2024-12-24 13:36:10.626 +08:00 [FTL] Fatal log
